2019-07-23 00:00:52,858 [20] INFO DocumentManagementSystemApi.Controllers.DocumentController - GetAllFiles : REQUEST HttpMethod: GET, Path: /api/document/getAll
2019-07-23 00:00:52,868 [20] INFO DocumentManagementSystemApi.Controllers.DocumentController - System.Web.HttpRequest
2019-07-23 00:01:00,778 [22] INFO DocumentManagementSystemApi.Controllers.DocumentController - GetAllFiles : REQUEST HttpMethod: GET, Path: /api/document/getAll
2019-07-23 00:01:00,779 [22] INFO DocumentManagementSystemApi.Controllers.DocumentController - System.Web.HttpRequest
2019-07-23 00:01:02,941 [20] INFO DocumentManagementSystemApi.Controllers.DocumentController - GetAllFiles : REQUEST HttpMethod: GET, Path: /api/document/getAll
2019-07-23 00:01:02,941 [20] INFO DocumentManagementSystemApi.Controllers.DocumentController - System.Web.HttpRequest
2019-07-23 00:01:27,664 [16] INFO DocumentManagementSystemApi.Controllers.DocumentController - Download File : REQUEST HttpMethod: GET, Path: /api/document/download/1
2019-07-23 00:01:27,804 [16] ERROR DocumentManagementSystemApi.Controllers.DocumentController - Unable to find the specified file.
2019-07-23 00:02:36,678 [5] INFO DocumentManagementSystemApi.Controllers.DocumentController - GetAllFiles : REQUEST HttpMethod: GET, Path: /api/document/getAll
2019-07-23 00:02:36,691 [5] INFO DocumentManagementSystemApi.Controllers.DocumentController - System.Web.HttpRequest
2019-07-23 00:02:44,300 [5] INFO DocumentManagementSystemApi.Controllers.DocumentController - Download File : REQUEST HttpMethod: GET, Path: /api/document/download/1
2019-07-23 00:02:44,537 [5] ERROR DocumentManagementSystemApi.Controllers.DocumentController - Unable to find the specified file.
2019-07-23 00:09:30,885 [6] INFO DocumentManagementSystemApi.Controllers.DocumentController - GetAllFiles : REQUEST HttpMethod: GET, Path: /api/document/getAll
2019-07-23 00:09:30,887 [6] INFO DocumentManagementSystemApi.Controllers.DocumentController - System.Web.HttpRequest
2019-07-23 00:09:30,916 [5] INFO DocumentManagementSystemApi.Controllers.DocumentController - GetAllFiles : REQUEST HttpMethod: GET, Path: /api/document/getAll
2019-07-23 00:09:30,916 [5] INFO DocumentManagementSystemApi.Controllers.DocumentController - System.Web.HttpRequest
2019-07-23 00:09:30,977 [5] INFO DocumentManagementSystemApi.Controllers.DocumentController - GetAllFiles : REQUEST HttpMethod: GET, Path: /api/document/getAll
2019-07-23 00:09:30,980 [5] INFO DocumentManagementSystemApi.Controllers.DocumentController - System.Web.HttpRequest
2019-07-23 00:09:35,648 [5] INFO DocumentManagementSystemApi.Controllers.DocumentController - Download File : REQUEST HttpMethod: GET, Path: /api/document/download/1
2019-07-23 00:09:35,708 [5] ERROR DocumentManagementSystemApi.Controllers.DocumentController - Unable to find the specified file.

2019-07-23 00:30:39,444 [6] INFO DocumentManagementSystemApi.Controllers.DocumentController - GetAllFiles : REQUEST HttpMethod: GET, Path: /api/document/getAll
2019-07-23 00:30:39,453 [6] INFO DocumentManagementSystemApi.Controllers.DocumentController - System.Web.HttpRequest
2019-07-23 00:31:26,205 [6] INFO DocumentManagementSystemApi.Controllers.DocumentController - GetAllFiles : REQUEST HttpMethod: GET, Path: /api/document/getAll
2019-07-23 00:31:26,218 [6] INFO DocumentManagementSystemApi.Controllers.DocumentController - System.Web.HttpRequest
2019-07-23 00:31:26,526 [6] INFO DocumentManagementSystemApi.Controllers.DocumentController - GetAllFiles : REQUEST HttpMethod: GET, Path: /api/document/getAll
2019-07-23 00:31:26,530 [6] INFO DocumentManagementSystemApi.Controllers.DocumentController - System.Web.HttpRequest
2019-07-23 00:31:29,524 [7] INFO DocumentManagementSystemApi.Controllers.DocumentController - GetAllFiles : REQUEST HttpMethod: GET, Path: /api/document/getAll
2019-07-23 00:31:29,524 [7] INFO DocumentManagementSystemApi.Controllers.DocumentController - System.Web.HttpRequest
2019-07-23 00:31:54,038 [6] INFO DocumentManagementSystemApi.Controllers.DocumentController - GetAllFiles : REQUEST HttpMethod: GET, Path: /api/document/getAll
2019-07-23 00:31:54,040 [6] INFO DocumentManagementSystemApi.Controllers.DocumentController - System.Web.HttpRequest
2019-07-23 00:31:54,177 [7] INFO DocumentManagementSystemApi.Controllers.DocumentController - GetAllFiles : REQUEST HttpMethod: GET, Path: /api/document/getAll
2019-07-23 00:31:54,178 [7] INFO DocumentManagementSystemApi.Controllers.DocumentController - System.Web.HttpRequest
2019-07-23 00:31:57,184 [6] INFO DocumentManagementSystemApi.Controllers.DocumentController - GetAllFiles : REQUEST HttpMethod: GET, Path: /api/document/getAll
2019-07-23 00:31:57,184 [6] INFO DocumentManagementSystemApi.Controllers.DocumentController - System.Web.HttpRequest
2019-07-23 00:32:29,296 [8] INFO DocumentManagementSystemApi.Controllers.DocumentController - GetAllFiles : REQUEST HttpMethod: GET, Path: /api/document/getAll
2019-07-23 00:32:29,296 [8] INFO DocumentManagementSystemApi.Controllers.DocumentController - System.Web.HttpRequest
2019-07-23 00:32:31,301 [6] INFO DocumentManagementSystemApi.Controllers.DocumentController - GetAllFiles : REQUEST HttpMethod: GET, Path: /api/document/getAll
2019-07-23 00:32:31,301 [6] INFO DocumentManagementSystemApi.Controllers.DocumentController - System.Web.HttpRequest
2019-07-23 00:32:31,396 [9] INFO DocumentManagementSystemApi.Controllers.DocumentController - GetAllFiles : REQUEST HttpMethod: GET, Path: /api/document/getAll
2019-07-23 00:32:31,396 [9] INFO DocumentManagementSystemApi.Controllers.DocumentController - System.Web.HttpRequest
2019-07-23 00:32:44,581 [8] INFO DocumentManagementSystemApi.Controllers.DocumentController - GetAllFiles : REQUEST HttpMethod: GET, Path: /api/document/getAll
2019-07-23 00:32:44,581 [8] INFO DocumentManagementSystemApi.Controllers.DocumentController - System.Web.HttpRequest
2019-07-23 00:32:52,481 [8] INFO DocumentManagementSystemApi.Controllers.DocumentController - Upload File : REQUEST HttpMethod: POST, Path: /api/document/, headers: Connection=keep-alive&Content-Length=186723&Content-Type=multipart%2fform-data%3b+boundary%3d----WebKitFormBoundary7NVNS07fvEkK4bvs&Accept=application%2fjson%2c+text%2fplain%2c+*%2f*&Accept-Encoding=gzip%2c+deflate%2c+br&Accept-Language=en-GB%2cen-US%3bq%3d0.9%2cen%3bq%3d0.8&Host=localhost%3a2055&Referer=http%3a%2f%2flocalhost%3a4201%2fupload&User-Agent=Mozilla%2f5.0+(Windows+NT+10.0%3b+Win64%3b+x64)+AppleWebKit%2f537.36+(KHTML%2c+like+Gecko)+Chrome%2f75.0.3770.142+Safari%2f537.36&userName=Hend&Origin=http%3a%2f%2flocalhost%3a4201&admin=1
2019-07-23 00:33:01,408 [6] INFO DocumentManagementSystemApi.Controllers.DocumentController - GetAllFiles : REQUEST HttpMethod: GET, Path: /api/document/getAll
2019-07-23 00:33:01,408 [6] INFO DocumentManagementSystemApi.Controllers.DocumentController - System.Web.HttpRequest
2019-07-23 00:33:15,625 [9] INFO DocumentManagementSystemApi.Controllers.DocumentController - Download File : REQUEST HttpMethod: GET, Path: /api/document/download/3
